{"logTime": "1101/125018", "correlationVector":"zSAs3FEUKPFf11Ud51xFsV.1","action":"SyncServerConnectionManagerRequest", "result":"SYNC_SERVER_OK", "context":{"environment":"Prod_southeastasia_prod-s01-065-apac-southeastasia", "migrationStage":"NotStarted", "server":"akswtt106000003"}}
{"logTime": "1101/125018", "correlationVector":"zSAs3FEUKPFf11Ud51xFsV.2","action":"ProcessGetUpdates", "result":"Done", "context":{"dataType":"Encryption Keys", "deleted":"0", "process_failed_to_decrypt":"0", "process_pending_decryption":"0", "process_success":"1", "total":"1"}}
{"logTime": "1101/125019", "correlationVector":"tvoC+zrnvjcTrjoVibz5Gi","action":"SyncServerConnectionManagerRequest", "result":"SYNC_SERVER_OK", "context":{"environment":"", "migrationStage":"", "server":""}}
{"logTime": "1101/125019", "correlationVector":"tvoC+zrnvjcTrjoVibz5Gi.0","action":"EncryptionKeysFetcher.DownloadKeys:", "result":"Success", "context":Key count: 1, Last key timestamp: 2025-09-03T08:01:22Z}
{"logTime": "1101/125019", "correlationVector":"tvoC+zrnvjcTrjoVibz5Gi.1","action":"EncryptionKeysManager::SetEncryptionKeys:", "result":"Success", "context":Key names[1]:[DoaNxKgdxWV3LxKGHC8zO75JjwR56wxAsx22q6W0xpHAki4HNpDTMucHjuRfoPVx1dnQ0Xlh9iQ8nWE7ldyPbw==]}
{"logTime": "1101/125019", "correlationVector":"tvoC+zrnvjcTrjoVibz5Gi.2","action":"EncryptionKeysManager::SetEncryptionKeysWithTimestamps:", "result":"Success", "context":Key timestamps[1]:[2025-09-03T08:01:22Z]}
{"logTime": "1101/125019", "correlationVector":"zSAs3FEUKPFf11Ud51xFsV","action":"Initial GetUpdates", "result":"", "context":Reason: NEW_CLIENT. cV=zSAs3FEUKPFf11Ud51xFsV}
{"logTime": "1101/125019", "correlationVector":"zSAs3FEUKPFf11Ud51xFsV.3","action":"GetUpdates Response", "result":"Success", "context":Received 1 update(s). cV=zSAs3FEUKPFf11Ud51xFsV.0;server=akswtt106000003;cloudType=Consumer;environment=Prod_southeastasia_prod-s01-065-apac-southeastasia;migrationStage=NotStarted}
{"logTime": "1101/125019", "correlationVector":"QCtFDVsZGOXoBwTgIM8/LX","action":"Initial GetUpdates", "result":"", "context":Reason: NEWLY_SUPPORTED_DATATYPE. cV=QCtFDVsZGOXoBwTgIM8/LX}
{"logTime": "1101/125019", "correlationVector":"QCtFDVsZGOXoBwTgIM8/LX.1","action":"SyncServerConnectionManagerRequest", "result":"SYNC_SERVER_OK", "context":{"environment":"Prod_southeastasia_prod-s01-065-apac-southeastasia", "migrationStage":"NotStarted", "server":"akswtt10600000u"}}
{"logTime": "1101/125019", "correlationVector":"QCtFDVsZGOXoBwTgIM8/LX.2","action":"ProcessGetUpdates", "result":"Done", "context":{"dataType":"Passwords", "deleted":"0", "process_failed_to_decrypt":"0", "process_pending_decryption":"0", "process_success":"1", "total":"1"}}
{"logTime": "1101/125019", "correlationVector":"QCtFDVsZGOXoBwTgIM8/LX.3","action":"GetUpdates Response", "result":"Success", "context":Received 1 update(s). cV=QCtFDVsZGOXoBwTgIM8/LX.0;server=akswtt10600000u;cloudType=Consumer;environment=Prod_southeastasia_prod-s01-065-apac-southeastasia;migrationStage=NotStarted}
{"logTime": "1101/125019", "correlationVector":"7vlq3Ie6GVRzZ8B27B3K10","action":"Initial GetUpdates", "result":"", "context":Reason: NEWLY_SUPPORTED_DATATYPE. cV=7vlq3Ie6GVRzZ8B27B3K10}
{"logTime": "1101/125019", "correlationVector":"7vlq3Ie6GVRzZ8B27B3K10.1","action":"SyncServerConnectionManagerRequest", "result":"SYNC_SERVER_OK", "context":{"environment":"Prod_southeastasia_prod-s01-065-apac-southeastasia", "migrationStage":"NotStarted", "server":"akswtt106000003"}}
{"logTime": "1101/125019", "correlationVector":"7vlq3Ie6GVRzZ8B27B3K10.2","action":"ProcessGetUpdates", "result":"Done", "context":{"dataType":"Bookmarks", "deleted":"0", "process_failed_to_decrypt":"0", "process_pending_decryption":"0", "process_success":"6", "total":"6"}}
{"logTime": "1101/125019", "correlationVector":"7vlq3Ie6GVRzZ8B27B3K10.3","action":"GetUpdates Response", "result":"Success", "context":Received 6 update(s). cV=7vlq3Ie6GVRzZ8B27B3K10.0;server=akswtt106000003;cloudType=Consumer;environment=Prod_southeastasia_prod-s01-065-apac-southeastasia;migrationStage=NotStarted}
{"logTime": "1101/125019", "correlationVector":"25D8neWPsVm0iReoPAjGgJ","action":"Initial GetUpdates", "result":"", "context":Reason: NEWLY_SUPPORTED_DATATYPE. cV=25D8neWPsVm0iReoPAjGgJ}
{"logTime": "1101/125020", "correlationVector":"25D8neWPsVm0iReoPAjGgJ.1","action":"SyncServerConnectionManagerRequest", "result":"SYNC_SERVER_OK", "context":{"environment":"Prod_southeastasia_prod-s01-065-apac-southeastasia", "migrationStage":"NotStarted", "server":"akswtt10600000h"}}
{"logTime": "1101/125020", "correlationVector":"25D8neWPsVm0iReoPAjGgJ.2","action":"ProcessGetUpdates", "result":"Done", "context":{"dataType":"Autofill Profiles", "deleted":"0", "process_failed_to_decrypt":"0", "process_pending_decryption":"0", "process_success":"1", "total":"1"}}
{"logTime": "1101/125020", "correlationVector":"25D8neWPsVm0iReoPAjGgJ.3","action":"ProcessGetUpdates", "result":"Done", "context":{"dataType":"Autofill", "deleted":"0", "process_failed_to_decrypt":"0", "process_pending_decryption":"0", "process_success":"1", "total":"1"}}
{"logTime": "1101/125020", "correlationVector":"25D8neWPsVm0iReoPAjGgJ.4","action":"GetUpdates Response", "result":"Success", "context":Received 2 update(s). cV=25D8neWPsVm0iReoPAjGgJ.0;server=akswtt10600000h;cloudType=Consumer;environment=Prod_southeastasia_prod-s01-065-apac-southeastasia;migrationStage=NotStarted}
{"logTime": "1101/125020", "correlationVector":"f5HUo0xSfaYZZW/2KMlW06","action":"Initial GetUpdates", "result":"", "context":Reason: NEWLY_SUPPORTED_DATATYPE. cV=f5HUo0xSfaYZZW/2KMlW06}
{"logTime": "1101/125021", "correlationVector":"f5HUo0xSfaYZZW/2KMlW06.1","action":"SyncServerConnectionManagerRequest", "result":"SYNC_SERVER_OK", "context":{"environment":"Prod_southeastasia_prod-s01-065-apac-southeastasia", "migrationStage":"NotStarted", "server":"akswtt10600000u"}}
{"logTime": "1101/125021", "correlationVector":"f5HUo0xSfaYZZW/2KMlW06.2","action":"ProcessGetUpdates", "result":"Done", "context":{"dataType":"History", "deleted":"0", "process_failed_to_decrypt":"0", "process_pending_decryption":"0", "process_success":"138", "total":"138"}}
{"logTime": "1101/125021", "correlationVector":"f5HUo0xSfaYZZW/2KMlW06.3","action":"GetUpdates Response", "result":"Success", "context":Received 138 update(s). cV=f5HUo0xSfaYZZW/2KMlW06.0;server=akswtt10600000u;cloudType=Consumer;environment=Prod_southeastasia_prod-s01-065-apac-southeastasia;migrationStage=NotStarted}
{"logTime": "1101/125021", "correlationVector":"wW2ptNoEGROXXtPpIwH4EA","action":"Normal GetUpdate request", "result":"", "context":cV=wW2ptNoEGROXXtPpIwH4EA
Refresh requested types: Bookmarks, Passwords, Autofill Profiles, Autofill, History, Edge Wallet, Encryption Keys}
{"logTime": "1101/125022", "correlationVector":"wW2ptNoEGROXXtPpIwH4EA.1","action":"SyncServerConnectionManagerRequest", "result":"SYNC_SERVER_OK", "context":{"environment":"Prod_southeastasia_prod-s01-065-apac-southeastasia", "migrationStage":"NotStarted", "server":"akswtt106000003"}}
{"logTime": "1101/125022", "correlationVector":"wW2ptNoEGROXXtPpIwH4EA.2","action":"GetUpdates Response", "result":"Success", "context":Received 0 update(s). cV=wW2ptNoEGROXXtPpIwH4EA.0;server=akswtt106000003;cloudType=Consumer;environment=Prod_southeastasia_prod-s01-065-apac-southeastasia;migrationStage=NotStarted}
{"logTime": "1101/125022", "correlationVector":"CpXjXl0NXo3A5/7f1qwRnD","action":"DoCompareDataConsistency requsted types: ", "result":"Bookmarks, Passwords, History, Edge Wallet, Encryption Keys"}
{"logTime": "1101/125022", "correlationVector":"CpXjXl0NXo3A5/7f1qwRnD.0","action":"CompareDataConsistency result: ", "result":"Compare result: Encryption Keys is consistent. local entities count is: 1 local entities hash is: g6ekiXXE8zW40g21ZvleGm+mzI8="}
{"logTime": "1101/125022", "correlationVector":"CpXjXl0NXo3A5/7f1qwRnD.1","action":"CompareDataConsistency result: ", "result":"Compare result: Bookmarks is consistent. local entities count is: 0 local entities hash is: "}
{"logTime": "1101/125022", "correlationVector":"CpXjXl0NXo3A5/7f1qwRnD.2","action":"CompareDataConsistency result: ", "result":"Server did not send this History local entities count is: 0 local entities hash is: "}
{"logTime": "1101/125022", "correlationVector":"CpXjXl0NXo3A5/7f1qwRnD.3","action":"CompareDataConsistency result: ", "result":"Compare result: Edge Wallet is consistent. local entities count is: 0 local entities hash is: "}
{"logTime": "1101/125022", "correlationVector":"CpXjXl0NXo3A5/7f1qwRnD.4","action":"CompareDataConsistency result: ", "result":"Compare result: Passwords is consistent. local entities count is: 1 local entities hash is: +CgsCqk/EdgS0E/bYqZbGZhv/cc="}
{"logTime": "1101/125022", "correlationVector":"","action":"DIAGNOSTIC_REQUEST|v1/diagnosticData/Diagnostic.SendCheckResult()|SUCCESS", "result":""}
{"logTime": "1101/125124", "correlationVector":"et+wiaRUTvWjX5qRuSUpyN","action":"Commit Request", "result":"", "context":Item count: 2
Contributing types: History}
{"logTime": "1101/125125", "correlationVector":"et+wiaRUTvWjX5qRuSUpyN.1","action":"SyncServerConnectionManagerRequest", "result":"SYNC_SERVER_OK", "context":{"environment":"Prod_southeastasia_prod-s01-065-apac-southeastasia", "migrationStage":"NotStarted", "server":"akswtt10600000p"}}
{"logTime": "1101/125125", "correlationVector":"et+wiaRUTvWjX5qRuSUpyN.2","action":"Commit Response", "result":"Success", "context":Result: Success. cV=et+wiaRUTvWjX5qRuSUpyN.0;server=akswtt10600000p;cloudType=Consumer;environment=Prod_southeastasia_prod-s01-065-apac-southeastasia;migrationStage=NotStarted}
