2025-11-01 12:50:11.419: [INFO][Sync] Reset engine, reason: 8
2025-11-01 12:50:11.419: [INFO][Sync] Stopped: Bookmarks
2025-11-01 12:50:11.419: [INFO][Sync] Stopped: Preferences
2025-11-01 12:50:11.419: [INFO][Sync] Stopped: Passwords
2025-11-01 12:50:11.419: [INFO][Sync] Stopped: Autofill Profiles
2025-11-01 12:50:11.419: [INFO][Sync] Stopped: Autofill
2025-11-01 12:50:11.419: [INFO][Sync] Stopped: Extensions
2025-11-01 12:50:11.419: [INFO][Sync] Stopped: Sessions
2025-11-01 12:50:11.419: [INFO][Sync] Stopped: Extension settings
2025-11-01 12:50:11.419: [INFO][Sync] Stopped: History Delete Directives
2025-11-01 12:50:11.419: [INFO][Sync] Stopped: Device Info
2025-11-01 12:50:11.419: [INFO][Sync] Stopped: User Consents
2025-11-01 12:50:11.419: [INFO][Sync] Stopped: Send Tab To Self
2025-11-01 12:50:11.419: [INFO][Sync] Stopped: Web Apps
2025-11-01 12:50:11.419: [INFO][Sync] Stopped: History
2025-11-01 12:50:11.419: [INFO][Sync] Stopped: Saved Tab Group
2025-11-01 12:50:11.419: [INFO][Sync] Stopped: WebAuthn Credentials
2025-11-01 12:50:11.419: [INFO][Sync] Stopped: Collection
2025-11-01 12:50:11.419: [INFO][Sync] Stopped: Edge E Drop
2025-11-01 12:50:11.419: [INFO][Sync] Stopped: Edge Hub App Usage
2025-11-01 12:50:11.419: [INFO][Sync] Stopped: Edge Wallet
2025-11-01 12:50:11.419: [INFO][Sync] SyncState after authenticated was: NotSignedIn
2025-11-01 12:50:12.211: [INFO][Sync] Reset engine, reason: 8
2025-11-01 12:50:12.211: [INFO][Sync] Stopped: Bookmarks
2025-11-01 12:50:12.211: [INFO][Sync] Stopped: Preferences
2025-11-01 12:50:12.211: [INFO][Sync] Stopped: Passwords
2025-11-01 12:50:12.211: [INFO][Sync] Stopped: Autofill Profiles
2025-11-01 12:50:12.211: [INFO][Sync] Stopped: Autofill
2025-11-01 12:50:12.211: [INFO][Sync] Stopped: Extensions
2025-11-01 12:50:12.211: [INFO][Sync] Stopped: Sessions
2025-11-01 12:50:12.211: [INFO][Sync] Stopped: Extension settings
2025-11-01 12:50:12.211: [INFO][Sync] Stopped: History Delete Directives
2025-11-01 12:50:12.211: [INFO][Sync] Stopped: Device Info
2025-11-01 12:50:12.211: [INFO][Sync] Stopped: User Consents
2025-11-01 12:50:12.211: [INFO][Sync] Stopped: Send Tab To Self
2025-11-01 12:50:12.211: [INFO][Sync] Stopped: Web Apps
2025-11-01 12:50:12.211: [INFO][Sync] Stopped: History
2025-11-01 12:50:12.211: [INFO][Sync] Stopped: Saved Tab Group
2025-11-01 12:50:12.211: [INFO][Sync] Stopped: WebAuthn Credentials
2025-11-01 12:50:12.211: [INFO][Sync] Stopped: Collection
2025-11-01 12:50:12.211: [INFO][Sync] Stopped: Edge E Drop
2025-11-01 12:50:12.211: [INFO][Sync] Stopped: Edge Hub App Usage
2025-11-01 12:50:12.211: [INFO][Sync] Stopped: Edge Wallet
2025-11-01 12:50:12.709: [INFO][Sync] Try to start sync engine
2025-11-01 12:50:12.717: [INFO][SyncManagerImpl::NudgeForInitialDownload] Initial download nudge for Encryption Keys
2025-11-01 12:50:12.717: [INFO][SyncEngineBackend::LoadAndConnectNigoriController] Load and connect Nigori controller
2025-11-01 12:50:12.717: [INFO][SyncEngineBackend::DoInitialize] Control Types added: Encryption Keys
2025-11-01 12:50:12.718: [INFO][SyncManagerImpl::ConfigureSyncer] Types to download: Encryption Keys with reason: 3
2025-11-01 12:50:12.718: [INFO][SyncSchedulerImpl::DoConfigurationSyncCycleJob] Configure job was blocked
2025-11-01 12:50:17.024: [INFO][SyncAuthManager::SetLastAuthError] Current auth error: None
2025-11-01 12:50:17.024: [INFO][SyncAuthManager::EdgeLogTokenErrorState] Token error with: None for account type: MSA
2025-11-01 12:50:17.024: [INFO][Sync] Credentials changed for: EdgeSyncScopeNew
2025-11-01 12:50:17.217: [INFO][SyncAuthManager::SetLastAuthError] Current auth error: None
2025-11-01 12:50:17.217: [INFO][SyncAuthManager::EdgeLogTokenErrorState] Token error with: None for account type: MSA
2025-11-01 12:50:17.217: [INFO][Sync] Credentials changed for: EdgeSyncKeyDataScope
2025-11-01 12:50:17.217: [INFO][SyncEngineBackend::DoUpdateKeyDataCredentials] Update key data credentials
2025-11-01 12:50:17.218: [INFO][SyncEngineBackend::DoUpdateCredentials] Update credentials
2025-11-01 12:50:17.218: [INFO][SyncSchedulerImpl::DoConfigurationSyncCycleJob] Blocked types:  and types to download: Encryption Keys
2025-11-01 12:50:18.290: [INFO][Sync] Started DataTypeManager configuration, reason: 4
2025-11-01 12:50:18.291: [INFO][Sync] Configuring for: Bookmarks, Preferences, Passwords, Autofill Profiles, Autofill, Extensions, Sessions, Extension settings, History Delete Directives, Device Info, User Consents, Send Tab To Self, Web Apps, History, Saved Tab Group, WebAuthn Credentials, Collection, Edge E Drop, Edge Hub App Usage, Edge Wallet, Encryption Keys, reason: 3, current state: 0
2025-11-01 12:50:18.291: [WARN][Sync] Crypto error data types: Passwords, Autofill Profiles, Autofill
2025-11-01 12:50:18.295: [INFO][Sync] Configure, desired: Bookmarks, Preferences, Extensions, Sessions, Extension settings, History Delete Directives, Device Info, User Consents, Send Tab To Self, Web Apps, History, Saved Tab Group, WebAuthn Credentials, Collection, Edge E Drop, Edge Hub App Usage, Edge Wallet, Encryption Keys; Allow fail: Passwords, Autofill Profiles, Autofill
2025-11-01 12:50:18.297: [INFO][Sync] Loading: Bookmarks
2025-11-01 12:50:18.297: [ERROR][Sync] Load Preferences, failed: ConstructDataTypeStoreOnFrontendSequence@components\sync\model\data_type_store_service_impl.cc:94 - Model error type: 86
2025-11-01 12:50:18.297: [ERROR][Sync] Stoping type: Preferences, error: ConstructDataTypeStoreOnFrontendSequence@components\sync\model\data_type_store_service_impl.cc:94 - Model error type: 86
2025-11-01 12:50:18.297: [INFO][Sync] Loading: Preferences
2025-11-01 12:50:18.297: [ERROR][Sync] Load Extensions, failed: ConstructDataTypeStoreOnFrontendSequence@components\sync\model\data_type_store_service_impl.cc:94 - Model error type: 86
2025-11-01 12:50:18.297: [ERROR][Sync] Stoping type: Extensions, error: ConstructDataTypeStoreOnFrontendSequence@components\sync\model\data_type_store_service_impl.cc:94 - Model error type: 86
2025-11-01 12:50:18.297: [INFO][Sync] Loading: Extensions
2025-11-01 12:50:18.298: [INFO][Sync] Loading: Sessions
2025-11-01 12:50:18.299: [INFO][Sync] Loading: Extension settings
2025-11-01 12:50:18.299: [ERROR][Sync] Load History Delete Directives, failed: ConstructDataTypeStoreOnFrontendSequence@components\sync\model\data_type_store_service_impl.cc:94 - Model error type: 86
2025-11-01 12:50:18.299: [ERROR][Sync] Stoping type: History Delete Directives, error: ConstructDataTypeStoreOnFrontendSequence@components\sync\model\data_type_store_service_impl.cc:94 - Model error type: 86
2025-11-01 12:50:18.299: [INFO][Sync] Loading: History Delete Directives
2025-11-01 12:50:18.299: [ERROR][Sync] Load Device Info, failed: OnStoreCreated@components\sync_device_info\device_info_sync_bridge.cc:806 - Model error type: 94
2025-11-01 12:50:18.299: [ERROR][Sync] Stoping type: Device Info, error: OnStoreCreated@components\sync_device_info\device_info_sync_bridge.cc:806 - Model error type: 94
2025-11-01 12:50:18.299: [INFO][Sync] Loading: Device Info
2025-11-01 12:50:18.299: [ERROR][Sync] Load User Consents, failed: ConstructDataTypeStoreOnFrontendSequence@components\sync\model\data_type_store_service_impl.cc:94 - Model error type: 86
2025-11-01 12:50:18.299: [ERROR][Sync] Stoping type: User Consents, error: ConstructDataTypeStoreOnFrontendSequence@components\sync\model\data_type_store_service_impl.cc:94 - Model error type: 86
2025-11-01 12:50:18.299: [INFO][Sync] Loading: User Consents
2025-11-01 12:50:18.299: [ERROR][Sync] Load Send Tab To Self, failed: ConstructDataTypeStoreOnFrontendSequence@components\sync\model\data_type_store_service_impl.cc:94 - Model error type: 86
2025-11-01 12:50:18.299: [ERROR][Sync] Stoping type: Send Tab To Self, error: ConstructDataTypeStoreOnFrontendSequence@components\sync\model\data_type_store_service_impl.cc:94 - Model error type: 86
2025-11-01 12:50:18.299: [INFO][Sync] Loading: Send Tab To Self
2025-11-01 12:50:18.299: [ERROR][Sync] Load Web Apps, failed: ConstructDataTypeStoreOnFrontendSequence@components\sync\model\data_type_store_service_impl.cc:94 - Model error type: 86
2025-11-01 12:50:18.299: [ERROR][Sync] Stoping type: Web Apps, error: ConstructDataTypeStoreOnFrontendSequence@components\sync\model\data_type_store_service_impl.cc:94 - Model error type: 86
2025-11-01 12:50:18.300: [INFO][Sync] Loading: Web Apps
2025-11-01 12:50:18.300: [INFO][Sync] Loading: History
2025-11-01 12:50:18.300: [ERROR][Sync] Load Saved Tab Group, failed: ConstructDataTypeStoreOnFrontendSequence@components\sync\model\data_type_store_service_impl.cc:94 - Model error type: 86
2025-11-01 12:50:18.300: [ERROR][Sync] Stoping type: Saved Tab Group, error: ConstructDataTypeStoreOnFrontendSequence@components\sync\model\data_type_store_service_impl.cc:94 - Model error type: 86
2025-11-01 12:50:18.300: [INFO][Sync] Loading: Saved Tab Group
2025-11-01 12:50:18.300: [ERROR][Sync] Load WebAuthn Credentials, failed: ConstructDataTypeStoreOnFrontendSequence@components\sync\model\data_type_store_service_impl.cc:94 - Model error type: 86
2025-11-01 12:50:18.300: [ERROR][Sync] Stoping type: WebAuthn Credentials, error: ConstructDataTypeStoreOnFrontendSequence@components\sync\model\data_type_store_service_impl.cc:94 - Model error type: 86
2025-11-01 12:50:18.300: [INFO][Sync] Loading: WebAuthn Credentials
2025-11-01 12:50:18.300: [ERROR][Sync] Load Collection, failed: ConstructDataTypeStoreOnFrontendSequence@components\sync\model\data_type_store_service_impl.cc:94 - Model error type: 86
2025-11-01 12:50:18.300: [ERROR][Sync] Stoping type: Collection, error: ConstructDataTypeStoreOnFrontendSequence@components\sync\model\data_type_store_service_impl.cc:94 - Model error type: 86
2025-11-01 12:50:18.300: [INFO][Sync] Loading: Collection
2025-11-01 12:50:18.300: [INFO][Sync] Loading: Edge E Drop
2025-11-01 12:50:18.300: [INFO][Sync] Loading: Edge Hub App Usage
2025-11-01 12:50:18.300: [INFO][Sync] Loading: Edge Wallet
2025-11-01 12:50:18.304: [ERROR][Sync] Load Sessions, failed: ConstructDataTypeStoreOnFrontendSequence@components\sync\model\data_type_store_service_impl.cc:94 - Model error type: 86
2025-11-01 12:50:18.304: [ERROR][Sync] Stoping type: Sessions, error: ConstructDataTypeStoreOnFrontendSequence@components\sync\model\data_type_store_service_impl.cc:94 - Model error type: 86
2025-11-01 12:50:18.304: [ERROR][Sync] Load Extension settings, failed: ConstructDataTypeStoreOnFrontendSequence@components\sync\model\data_type_store_service_impl.cc:94 - Model error type: 86
2025-11-01 12:50:18.304: [ERROR][Sync] Stoping type: Extension settings, error: ConstructDataTypeStoreOnFrontendSequence@components\sync\model\data_type_store_service_impl.cc:94 - Model error type: 86
2025-11-01 12:50:18.304: [ERROR][Sync] Load Edge E Drop, failed: EDropSyncBridge@components\edge_e_drop\core\browser\sync\e_drop_sync_bridge.cc:71: DataTypeStore for Drop initialization failed
2025-11-01 12:50:18.304: [ERROR][Sync] Stoping type: Edge E Drop, error: EDropSyncBridge@components\edge_e_drop\core\browser\sync\e_drop_sync_bridge.cc:71: DataTypeStore for Drop initialization failed
2025-11-01 12:50:18.304: [ERROR][Sync] Load Edge Hub App Usage, failed: EdgeHubAppUsageSyncBridge@components\edge_hub_apps\sync\edge_hub_app_usage_sync_bridge.cc:55: ModelTypeStore for Hub App Usage initialization failed
2025-11-01 12:50:18.304: [ERROR][Sync] Stoping type: Edge Hub App Usage, error: EdgeHubAppUsageSyncBridge@components\edge_hub_apps\sync\edge_hub_app_usage_sync_bridge.cc:55: ModelTypeStore for Hub App Usage initialization failed
2025-11-01 12:50:18.304: [INFO][Sync] Configuring for: Bookmarks, Preferences, Passwords, Autofill Profiles, Autofill, Extensions, Sessions, Extension settings, History Delete Directives, Device Info, User Consents, Send Tab To Self, Web Apps, History, Saved Tab Group, WebAuthn Credentials, Collection, Edge E Drop, Edge Hub App Usage, Edge Wallet, Encryption Keys, reason: 3, current state: 2
2025-11-01 12:50:18.304: [WARN][Sync] Crypto error data types: 
2025-11-01 12:50:18.304: [INFO][Sync] Configure, desired: Bookmarks, History, Edge Wallet, Encryption Keys; Allow fail: Preferences, Passwords, Autofill Profiles, Autofill, Extensions, Sessions, Extension settings, History Delete Directives, Device Info, User Consents, Send Tab To Self, Web Apps, Saved Tab Group, WebAuthn Credentials, Collection, Edge E Drop, Edge Hub App Usage
2025-11-01 12:50:18.304: [INFO][Sync] All data types are ready for configure.
2025-11-01 12:50:19.220: [INFO][Sync] Started DataTypeManager configuration, reason: 5
2025-11-01 12:50:19.220: [INFO][Sync] Configuring for: Bookmarks, Preferences, Passwords, Autofill Profiles, Autofill, Extensions, Sessions, Extension settings, History Delete Directives, Device Info, User Consents, Send Tab To Self, Web Apps, History, Saved Tab Group, WebAuthn Credentials, Collection, Edge E Drop, Edge Hub App Usage, Edge Wallet, Encryption Keys, reason: 5, current state: 1
2025-11-01 12:50:19.222: [INFO][SyncEngineBackend::DoStartConfiguration] Start configuration
2025-11-01 12:50:19.222: [INFO][SyncManagerImpl::NudgeForInitialDownload] Initial download nudge for Bookmarks
2025-11-01 12:50:19.222: [INFO][SyncManagerImpl::NudgeForInitialDownload] Initial download nudge for History
2025-11-01 12:50:19.222: [INFO][SyncManagerImpl::NudgeForInitialDownload] Initial download nudge for Edge Wallet
2025-11-01 12:50:19.222: [INFO][SyncManagerImpl::ConfigureSyncer] Types to download:  with reason: 3
2025-11-01 12:50:19.222: [INFO][SyncEngineBackend::DoFinishConfigureDataTypes] Failed to download types:  and succeeded types: 
2025-11-01 12:50:19.223: [INFO][Sync] ConfigurationDone, failed: , succeeded: , remaining count: 3
2025-11-01 12:50:19.223: [WARN][Sync]     Reconfigure requested while configuration ongoing.
2025-11-01 12:50:19.223: [INFO][Sync] Configuring for: Bookmarks, Preferences, Passwords, Autofill Profiles, Autofill, Extensions, Sessions, Extension settings, History Delete Directives, Device Info, User Consents, Send Tab To Self, Web Apps, History, Saved Tab Group, WebAuthn Credentials, Collection, Edge E Drop, Edge Hub App Usage, Edge Wallet, Encryption Keys, reason: 5, current state: 2
2025-11-01 12:50:19.223: [INFO][Sync] Configure, desired: Bookmarks, Passwords, Autofill Profiles, Autofill, History, Edge Wallet, Encryption Keys; Allow fail: Preferences, Extensions, Sessions, Extension settings, History Delete Directives, Device Info, User Consents, Send Tab To Self, Web Apps, Saved Tab Group, WebAuthn Credentials, Collection, Edge E Drop, Edge Hub App Usage
2025-11-01 12:50:19.223: [INFO][Sync] Loading: Passwords
2025-11-01 12:50:19.223: [INFO][Sync] Loading: Autofill Profiles
2025-11-01 12:50:19.223: [INFO][Sync] Loading: Autofill
2025-11-01 12:50:19.223: [INFO][Sync] All data types are ready for configure.
2025-11-01 12:50:19.223: [INFO][SyncManagerImpl::NudgeForInitialDownload] Initial download nudge for Passwords
2025-11-01 12:50:19.223: [INFO][SyncManagerImpl::NudgeForInitialDownload] Initial download nudge for Autofill Profiles
2025-11-01 12:50:19.223: [INFO][SyncManagerImpl::NudgeForInitialDownload] Initial download nudge for Autofill
2025-11-01 12:50:19.223: [INFO][SyncManagerImpl::ConfigureSyncer] Types to download:  with reason: 5
2025-11-01 12:50:19.223: [INFO][SyncEngineBackend::DoFinishConfigureDataTypes] Failed to download types:  and succeeded types: 
2025-11-01 12:50:19.223: [INFO][Sync] ConfigurationDone, failed: , succeeded: , remaining count: 4
2025-11-01 12:50:19.223: [INFO][Sync] Prepare to configure types: Passwords, Encryption Keys
2025-11-01 12:50:19.224: [INFO][SyncManagerImpl::ConfigureSyncer] Types to download: Passwords, Encryption Keys with reason: 5
2025-11-01 12:50:19.224: [INFO][SyncSchedulerImpl::DoConfigurationSyncCycleJob] Blocked types:  and types to download: Passwords, Encryption Keys
2025-11-01 12:50:19.644: [INFO][SyncEngineBackend::DoFinishConfigureDataTypes] Failed to download types:  and succeeded types: Passwords, Encryption Keys
2025-11-01 12:50:19.648: [INFO][Sync] ConfigurationDone, failed: , succeeded: Passwords, Encryption Keys, remaining count: 3
2025-11-01 12:50:19.648: [INFO][Sync] Prepare to configure types: Bookmarks, Encryption Keys
2025-11-01 12:50:19.648: [INFO][SyncManagerImpl::ConfigureSyncer] Types to download: Bookmarks, Encryption Keys with reason: 5
2025-11-01 12:50:19.648: [INFO][SyncSchedulerImpl::DoConfigurationSyncCycleJob] Blocked types:  and types to download: Bookmarks, Encryption Keys
2025-11-01 12:50:19.962: [INFO][SyncEngineBackend::DoFinishConfigureDataTypes] Failed to download types:  and succeeded types: Bookmarks, Encryption Keys
2025-11-01 12:50:19.964: [INFO][Sync] ConfigurationDone, failed: , succeeded: Bookmarks, Encryption Keys, remaining count: 2
2025-11-01 12:50:19.964: [INFO][Sync] Prepare to configure types: Autofill Profiles, Autofill, Edge Wallet, Encryption Keys
2025-11-01 12:50:19.964: [INFO][SyncManagerImpl::ConfigureSyncer] Types to download: Autofill Profiles, Autofill, Edge Wallet, Encryption Keys with reason: 5
2025-11-01 12:50:19.964: [INFO][SyncSchedulerImpl::DoConfigurationSyncCycleJob] Blocked types:  and types to download: Autofill Profiles, Autofill, Edge Wallet, Encryption Keys
2025-11-01 12:50:20.344: [INFO][SyncEngineBackend::DoFinishConfigureDataTypes] Failed to download types:  and succeeded types: Autofill Profiles, Autofill, Edge Wallet, Encryption Keys
2025-11-01 12:50:20.346: [INFO][Sync] ConfigurationDone, failed: , succeeded: Autofill Profiles, Autofill, Edge Wallet, Encryption Keys, remaining count: 1
2025-11-01 12:50:20.350: [INFO][Sync] Prepare to configure types: History, Encryption Keys
2025-11-01 12:50:20.350: [INFO][SyncManagerImpl::ConfigureSyncer] Types to download: History, Encryption Keys with reason: 5
2025-11-01 12:50:20.350: [INFO][SyncSchedulerImpl::DoConfigurationSyncCycleJob] Blocked types:  and types to download: History, Encryption Keys
2025-11-01 12:50:21.543: [INFO][SyncEngineBackend::DoFinishConfigureDataTypes] Failed to download types:  and succeeded types: History, Encryption Keys
2025-11-01 12:50:21.545: [INFO][Sync] ConfigurationDone, failed: , succeeded: History, Encryption Keys, remaining count: 0
2025-11-01 12:50:21.551: [INFO][Sync]     Configuration completed, state: 7
2025-11-01 12:50:21.552: [INFO][Sync] Configured DataTypeManager: Ok
2025-11-01 12:50:21.562: [INFO][SyncEngineBackend::DoStartSyncing] Start syncing
2025-11-06 08:25:26.481: [INFO][Sync] SyncState after authenticated was: FeatureNotRequestedNotSetup
2025-11-06 08:25:27.312: [INFO][Sync] Try to start sync engine
2025-11-06 08:25:27.366: [INFO][SyncManagerImpl::NudgeForInitialDownload] Initial download nudge for Encryption Keys
2025-11-06 08:25:27.366: [INFO][SyncEngineBackend::LoadAndConnectNigoriController] Load and connect Nigori controller
2025-11-06 08:25:27.367: [INFO][SyncEngineBackend::DoInitialize] Control Types added: Encryption Keys
2025-11-06 08:25:27.367: [INFO][SyncManagerImpl::ConfigureSyncer] Types to download: Encryption Keys with reason: 3
2025-11-06 08:25:27.369: [INFO][SyncSchedulerImpl::DoConfigurationSyncCycleJob] Configure job was blocked
2025-11-06 08:25:27.651: [INFO][SyncAuthManager::SetLastAuthError] Current auth error: None
2025-11-06 08:25:27.651: [INFO][SyncAuthManager::EdgeLogTokenErrorState] Token error with: None for account type: MSA
2025-11-06 08:25:27.651: [INFO][Sync] Credentials changed for: EdgeSyncScopeNew
